#! c:/iverilog-x64/bin/vvp
:ivl_version "10.1 (stable)" "(v10_1_1)";
:ivl_delay_selection "TYPICAL";
:vpi_time_precision + 0;
:vpi_module "system";
:vpi_module "vhdl_sys";
:vpi_module "v2005_math";
:vpi_module "va_math";
S_00000000009be560 .scope module, "testbench" "testbench" 2 5;
 .timescale 0 0;
v000000000247b680_0 .net "bcd0_0", 3 0, v00000000023f8de0_0;  1 drivers
v000000000247b9a0_0 .net "bcd0_1", 3 0, v00000000023f88e0_0;  1 drivers
v000000000247ca80_0 .net "bcd0_2", 3 0, v00000000023f9920_0;  1 drivers
v000000000247cda0_0 .net "bcd0_3", 3 0, v00000000023f8a20_0;  1 drivers
v000000000247b400_0 .net "bcd0_4", 3 0, v0000000002433b00_0;  1 drivers
v000000000247b7c0_0 .net "bcd0_5", 3 0, v0000000002433ba0_0;  1 drivers
v000000000247c4e0_0 .net "bcd1_0", 3 0, v0000000002434e60_0;  1 drivers
v000000000247ce40_0 .net "bcd1_1", 3 0, v0000000002433f60_0;  1 drivers
v000000000247b040_0 .net "bcd1_2", 3 0, v0000000002433560_0;  1 drivers
v000000000247bb80_0 .net "bcd1_3", 3 0, v00000000024331a0_0;  1 drivers
v000000000247bcc0_0 .net "bcd1_4", 3 0, v0000000002434140_0;  1 drivers
v000000000247b0e0_0 .net "bcd1_5", 3 0, v0000000002434820_0;  1 drivers
v000000000247b180_0 .net "bcd2_0", 3 0, v0000000002433880_0;  1 drivers
v000000000247b220_0 .net "bcd2_1", 3 0, v0000000002433ce0_0;  1 drivers
v000000000247b540_0 .net "bcd2_2", 3 0, v0000000002433d80_0;  1 drivers
v000000000247b5e0_0 .net "bcd2_3", 3 0, v0000000002434960_0;  1 drivers
v000000000247b720_0 .net "bcd2_4", 3 0, v0000000002434c80_0;  1 drivers
v000000000247b860_0 .net "bcd2_5", 3 0, v000000000243a340_0;  1 drivers
v000000000247bc20_0 .net "bcd3_0", 3 0, v00000000024396c0_0;  1 drivers
v00000000024818b0_0 .net "bcd3_1", 3 0, v0000000002439120_0;  1 drivers
v0000000002481090_0 .net "bcd3_2", 3 0, v0000000002439b20_0;  1 drivers
v0000000002480410_0 .net "bcd3_3", 3 0, v000000000243a840_0;  1 drivers
v0000000002481590_0 .net "bcd3_4", 3 0, v000000000243a660_0;  1 drivers
v0000000002480af0_0 .net "bcd3_5", 3 0, v000000000243a200_0;  1 drivers
v00000000024811d0_0 .net "bcd4_0", 3 0, v000000000243a3e0_0;  1 drivers
v00000000024813b0_0 .net "bcd4_1", 3 0, v000000000243ad40_0;  1 drivers
v000000000247fd30_0 .net "bcd4_2", 3 0, v000000000243ab60_0;  1 drivers
v0000000002480690_0 .net "bcd4_3", 3 0, v00000000024393a0_0;  1 drivers
v0000000002481630_0 .net "bcd4_4", 3 0, v0000000002439d00_0;  1 drivers
v0000000002480190_0 .net "bcd4_5", 3 0, v000000000247c800_0;  1 drivers
v00000000024816d0_0 .net "bcdOver0_0_1", 0 0, v00000000023f8d40_0;  1 drivers
v000000000247fa10_0 .net "bcdOver0_1_2", 0 0, v00000000023f9740_0;  1 drivers
v00000000024800f0_0 .net "bcdOver0_2_3", 0 0, v00000000023f9a60_0;  1 drivers
v000000000247fab0_0 .net "bcdOver0_3_4", 0 0, v00000000023f8980_0;  1 drivers
v0000000002480730_0 .net "bcdOver0_4_5", 0 0, v00000000023f9e20_0;  1 drivers
v0000000002480230_0 .net "bcdOver1_0_1", 0 0, v0000000002434320_0;  1 drivers
v0000000002480f50_0 .net "bcdOver1_1_2", 0 0, v0000000002434500_0;  1 drivers
v000000000247fc90_0 .net "bcdOver1_2_3", 0 0, v0000000002433740_0;  1 drivers
v0000000002480b90_0 .net "bcdOver1_3_4", 0 0, v00000000024339c0_0;  1 drivers
v0000000002480d70_0 .net "bcdOver1_4_5", 0 0, v0000000002434780_0;  1 drivers
v00000000024804b0_0 .net "bcdOver2_0_1", 0 0, v0000000002434a00_0;  1 drivers
v000000000247fe70_0 .net "bcdOver2_1_2", 0 0, v00000000024348c0_0;  1 drivers
v0000000002481770_0 .net "bcdOver2_2_3", 0 0, v0000000002433240_0;  1 drivers
v0000000002480eb0_0 .net "bcdOver2_3_4", 0 0, v0000000002434460_0;  1 drivers
v00000000024802d0_0 .net "bcdOver2_4_5", 0 0, v0000000002434aa0_0;  1 drivers
v0000000002480ff0_0 .net "bcdOver3_0_1", 0 0, v0000000002439ee0_0;  1 drivers
v0000000002481810_0 .net "bcdOver3_1_2", 0 0, v0000000002439580_0;  1 drivers
v000000000247fb50_0 .net "bcdOver3_2_3", 0 0, v0000000002439f80_0;  1 drivers
v000000000247fbf0_0 .net "bcdOver3_3_4", 0 0, v000000000243aac0_0;  1 drivers
v0000000002481130_0 .net "bcdOver3_4_5", 0 0, v000000000243a2a0_0;  1 drivers
v000000000247fdd0_0 .net "bcdOver4_0_1", 0 0, v000000000243a480_0;  1 drivers
v0000000002480370_0 .net "bcdOver4_1_2", 0 0, v00000000024391c0_0;  1 drivers
v000000000247ff10_0 .net "bcdOver4_2_3", 0 0, v000000000243a520_0;  1 drivers
v000000000247ffb0_0 .net "bcdOver4_3_4", 0 0, v000000000243a5c0_0;  1 drivers
v0000000002480550_0 .net "bcdOver4_4_5", 0 0, v0000000002439c60_0;  1 drivers
v00000000024809b0_0 .net "candidatoArthur", 0 0, v000000000247bea0_0;  1 drivers
v0000000002480cd0_0 .net "candidatoLeandro", 0 0, v000000000247cb20_0;  1 drivers
v00000000024805f0_0 .net "candidatoMateus", 0 0, v000000000247b2c0_0;  1 drivers
v0000000002480c30_0 .net "candidatoNulo", 0 0, v000000000247c620_0;  1 drivers
v0000000002480050_0 .net "candidatoPablo", 0 0, v000000000247c440_0;  1 drivers
v00000000024807d0_0 .net "clock", 0 0, v000000000247c580_0;  1 drivers
v0000000002480870_0 .var "confirma", 0 0;
v0000000002480910_0 .var "digitar", 3 0;
v0000000002480a50_0 .net "digito1", 3 0, v000000000247b360_0;  1 drivers
v0000000002481270_0 .net "digito2", 3 0, v000000000247afa0_0;  1 drivers
v0000000002480e10_0 .net "digito3", 3 0, v000000000247c9e0_0;  1 drivers
v0000000002481310_0 .net "digito4", 3 0, v000000000247bf40_0;  1 drivers
v0000000002481450_0 .net "estado", 2 0, v000000000247c080_0;  1 drivers
v00000000024814f0_0 .var "finish", 0 0;
v0000000002482ec0_0 .net "next_estado", 2 0, v000000000247cbc0_0;  1 drivers
v00000000024821a0_0 .var "reset", 0 0;
v0000000002483500_0 .var "resetUrna", 0 0;
v00000000024833c0_0 .var "valid", 0 0;
v0000000002481de0_0 .net "votoValido", 1 0, v000000000247b4a0_0;  1 drivers
S_0000000002353180 .scope module, "bcdModule0_0" "contadorBCD" 2 35, 3 1 0, S_00000000009be560;
 .timescale 0 0;
    .port_info 0 /INPUT 1 "clock"
    .port_info 1 /OUTPUT 4 "valor"
    .port_info 2 /OUTPUT 1 "overflow"
    .port_info 3 /INPUT 1 "reset"
v00000000023fa460_0 .net "clock", 0 0, v000000000247bea0_0;  alias, 1 drivers
v00000000023f8d40_0 .var "overflow", 0 0;
v00000000023fa6e0_0 .net "reset", 0 0, v00000000024821a0_0;  1 drivers
v00000000023f8de0_0 .var "valor", 3 0;
E_0000000002407f00 .event posedge, v00000000023fa6e0_0, v00000000023fa460_0;
S_0000000002353300 .scope module, "bcdModule0_1" "contadorBCD" 2 36, 3 1 0, S_00000000009be560;
 .timescale 0 0;
    .port_info 0 /INPUT 1 "clock"
    .port_info 1 /OUTPUT 4 "valor"
    .port_info 2 /OUTPUT 1 "overflow"
    .port_info 3 /INPUT 1 "reset"
v00000000023f9100_0 .net "clock", 0 0, v00000000023f8d40_0;  alias, 1 drivers
v00000000023f9740_0 .var "overflow", 0 0;
v00000000023f91a0_0 .net "reset", 0 0, v00000000024821a0_0;  alias, 1 drivers
v00000000023f88e0_0 .var "valor", 3 0;
E_0000000002407fc0 .event posedge, v00000000023fa6e0_0, v00000000023f8d40_0;
S_00000000024110a0 .scope module, "bcdModule0_2" "contadorBCD" 2 37, 3 1 0, S_00000000009be560;
 .timescale 0 0;
    .port_info 0 /INPUT 1 "clock"
    .port_info 1 /OUTPUT 4 "valor"
    .port_info 2 /OUTPUT 1 "overflow"
    .port_info 3 /INPUT 1 "reset"
v00000000023f97e0_0 .net "clock", 0 0, v00000000023f9740_0;  alias, 1 drivers
v00000000023f9a60_0 .var "overflow", 0 0;
v00000000023f9880_0 .net "reset", 0 0, v00000000024821a0_0;  alias, 1 drivers
v00000000023f9920_0 .var "valor", 3 0;
E_0000000002407900 .event posedge, v00000000023fa6e0_0, v00000000023f9740_0;
S_0000000002395eb0 .scope module, "bcdModule0_3" "contadorBCD" 2 38, 3 1 0, S_00000000009be560;
 .timescale 0 0;
    .port_info 0 /INPUT 1 "clock"
    .port_info 1 /OUTPUT 4 "valor"
    .port_info 2 /OUTPUT 1 "overflow"
    .port_info 3 /INPUT 1 "reset"
v00000000023f99c0_0 .net "clock", 0 0, v00000000023f9a60_0;  alias, 1 drivers
v00000000023f8980_0 .var "overflow", 0 0;
v00000000023f9b00_0 .net "reset", 0 0, v00000000024821a0_0;  alias, 1 drivers
v00000000023f8a20_0 .var "valor", 3 0;
E_0000000002408000 .event posedge, v00000000023fa6e0_0, v00000000023f9a60_0;
S_0000000002396030 .scope module, "bcdModule0_4" "contadorBCD" 2 39, 3 1 0, S_00000000009be560;
 .timescale 0 0;
    .port_info 0 /INPUT 1 "clock"
    .port_info 1 /OUTPUT 4 "valor"
    .port_info 2 /OUTPUT 1 "overflow"
    .port_info 3 /INPUT 1 "reset"
v00000000023f9d80_0 .net "clock", 0 0, v00000000023f8980_0;  alias, 1 drivers
v00000000023f9e20_0 .var "overflow", 0 0;
v00000000023f8ac0_0 .net "reset", 0 0, v00000000024821a0_0;  alias, 1 drivers
v0000000002433b00_0 .var "valor", 3 0;
E_0000000002407c80 .event posedge, v00000000023fa6e0_0, v00000000023f8980_0;
S_00000000023976d0 .scope module, "bcdModule0_5" "contadorBCD" 2 40, 3 1 0, S_00000000009be560;
 .timescale 0 0;
    .port_info 0 /INPUT 1 "clock"
    .port_info 1 /OUTPUT 4 "valor"
    .port_info 2 /OUTPUT 1 "overflow"
    .port_info 3 /INPUT 1 "reset"
v0000000002433380_0 .net "clock", 0 0, v00000000023f9e20_0;  alias, 1 drivers
v0000000002434b40_0 .var "overflow", 0 0;
v00000000024334c0_0 .net "reset", 0 0, v00000000024821a0_0;  alias, 1 drivers
v0000000002433ba0_0 .var "valor", 3 0;
E_00000000024072c0 .event posedge, v00000000023fa6e0_0, v00000000023f9e20_0;
S_0000000002397c50 .scope module, "bcdModule1_0" "contadorBCD" 2 42, 3 1 0, S_00000000009be560;
 .timescale 0 0;
    .port_info 0 /INPUT 1 "clock"
    .port_info 1 /OUTPUT 4 "valor"
    .port_info 2 /OUTPUT 1 "overflow"
    .port_info 3 /INPUT 1 "reset"
v00000000024332e0_0 .net "clock", 0 0, v000000000247cb20_0;  alias, 1 drivers
v0000000002434320_0 .var "overflow", 0 0;
v0000000002433420_0 .net "reset", 0 0, v00000000024821a0_0;  alias, 1 drivers
v0000000002434e60_0 .var "valor", 3 0;
E_0000000002408040 .event posedge, v00000000023fa6e0_0, v00000000024332e0_0;
S_00000000024790b0 .scope module, "bcdModule1_1" "contadorBCD" 2 43, 3 1 0, S_00000000009be560;
 .timescale 0 0;
    .port_info 0 /INPUT 1 "clock"
    .port_info 1 /OUTPUT 4 "valor"
    .port_info 2 /OUTPUT 1 "overflow"
    .port_info 3 /INPUT 1 "reset"
v0000000002434d20_0 .net "clock", 0 0, v0000000002434320_0;  alias, 1 drivers
v0000000002434500_0 .var "overflow", 0 0;
v0000000002433ec0_0 .net "reset", 0 0, v00000000024821a0_0;  alias, 1 drivers
v0000000002433f60_0 .var "valor", 3 0;
E_00000000024074c0 .event posedge, v00000000023fa6e0_0, v0000000002434320_0;
S_0000000002479230 .scope module, "bcdModule1_2" "contadorBCD" 2 44, 3 1 0, S_00000000009be560;
 .timescale 0 0;
    .port_info 0 /INPUT 1 "clock"
    .port_info 1 /OUTPUT 4 "valor"
    .port_info 2 /OUTPUT 1 "overflow"
    .port_info 3 /INPUT 1 "reset"
v0000000002433c40_0 .net "clock", 0 0, v0000000002434500_0;  alias, 1 drivers
v0000000002433740_0 .var "overflow", 0 0;
v0000000002434000_0 .net "reset", 0 0, v00000000024821a0_0;  alias, 1 drivers
v0000000002433560_0 .var "valor", 3 0;
E_0000000002407480 .event posedge, v00000000023fa6e0_0, v0000000002434500_0;
S_00000000024793b0 .scope module, "bcdModule1_3" "contadorBCD" 2 45, 3 1 0, S_00000000009be560;
 .timescale 0 0;
    .port_info 0 /INPUT 1 "clock"
    .port_info 1 /OUTPUT 4 "valor"
    .port_info 2 /OUTPUT 1 "overflow"
    .port_info 3 /INPUT 1 "reset"
v0000000002433100_0 .net "clock", 0 0, v0000000002433740_0;  alias, 1 drivers
v00000000024339c0_0 .var "overflow", 0 0;
v0000000002434f00_0 .net "reset", 0 0, v00000000024821a0_0;  alias, 1 drivers
v00000000024331a0_0 .var "valor", 3 0;
E_00000000024070c0 .event posedge, v00000000023fa6e0_0, v0000000002433740_0;
S_0000000002479530 .scope module, "bcdModule1_4" "contadorBCD" 2 46, 3 1 0, S_00000000009be560;
 .timescale 0 0;
    .port_info 0 /INPUT 1 "clock"
    .port_info 1 /OUTPUT 4 "valor"
    .port_info 2 /OUTPUT 1 "overflow"
    .port_info 3 /INPUT 1 "reset"
v00000000024337e0_0 .net "clock", 0 0, v00000000024339c0_0;  alias, 1 drivers
v0000000002434780_0 .var "overflow", 0 0;
v00000000024345a0_0 .net "reset", 0 0, v00000000024821a0_0;  alias, 1 drivers
v0000000002434140_0 .var "valor", 3 0;
E_0000000002407140 .event posedge, v00000000023fa6e0_0, v00000000024339c0_0;
S_00000000024796b0 .scope module, "bcdModule1_5" "contadorBCD" 2 47, 3 1 0, S_00000000009be560;
 .timescale 0 0;
    .port_info 0 /INPUT 1 "clock"
    .port_info 1 /OUTPUT 4 "valor"
    .port_info 2 /OUTPUT 1 "overflow"
    .port_info 3 /INPUT 1 "reset"
v00000000024341e0_0 .net "clock", 0 0, v0000000002434780_0;  alias, 1 drivers
v0000000002433600_0 .var "overflow", 0 0;
v0000000002433060_0 .net "reset", 0 0, v00000000024821a0_0;  alias, 1 drivers
v0000000002434820_0 .var "valor", 3 0;
E_0000000002407180 .event posedge, v00000000023fa6e0_0, v0000000002434780_0;
S_0000000002479830 .scope module, "bcdModule2_0" "contadorBCD" 2 49, 3 1 0, S_00000000009be560;
 .timescale 0 0;
    .port_info 0 /INPUT 1 "clock"
    .port_info 1 /OUTPUT 4 "valor"
    .port_info 2 /OUTPUT 1 "overflow"
    .port_info 3 /INPUT 1 "reset"
v00000000024343c0_0 .net "clock", 0 0, v000000000247b2c0_0;  alias, 1 drivers
v0000000002434a00_0 .var "overflow", 0 0;
v00000000024340a0_0 .net "reset", 0 0, v00000000024821a0_0;  alias, 1 drivers
v0000000002433880_0 .var "valor", 3 0;
E_0000000002407100 .event posedge, v00000000023fa6e0_0, v00000000024343c0_0;
S_00000000024799b0 .scope module, "bcdModule2_1" "contadorBCD" 2 50, 3 1 0, S_00000000009be560;
 .timescale 0 0;
    .port_info 0 /INPUT 1 "clock"
    .port_info 1 /OUTPUT 4 "valor"
    .port_info 2 /OUTPUT 1 "overflow"
    .port_info 3 /INPUT 1 "reset"
v00000000024336a0_0 .net "clock", 0 0, v0000000002434a00_0;  alias, 1 drivers
v00000000024348c0_0 .var "overflow", 0 0;
v0000000002433e20_0 .net "reset", 0 0, v00000000024821a0_0;  alias, 1 drivers
v0000000002433ce0_0 .var "valor", 3 0;
E_0000000002407bc0 .event posedge, v00000000023fa6e0_0, v0000000002434a00_0;
S_0000000002479b30 .scope module, "bcdModule2_2" "contadorBCD" 2 51, 3 1 0, S_00000000009be560;
 .timescale 0 0;
    .port_info 0 /INPUT 1 "clock"
    .port_info 1 /OUTPUT 4 "valor"
    .port_info 2 /OUTPUT 1 "overflow"
    .port_info 3 /INPUT 1 "reset"
v0000000002433920_0 .net "clock", 0 0, v00000000024348c0_0;  alias, 1 drivers
v0000000002433240_0 .var "overflow", 0 0;
v0000000002433a60_0 .net "reset", 0 0, v00000000024821a0_0;  alias, 1 drivers
v0000000002433d80_0 .var "valor", 3 0;
E_00000000024075c0 .event posedge, v00000000023fa6e0_0, v00000000024348c0_0;
S_0000000002479cb0 .scope module, "bcdModule2_3" "contadorBCD" 2 52, 3 1 0, S_00000000009be560;
 .timescale 0 0;
    .port_info 0 /INPUT 1 "clock"
    .port_info 1 /OUTPUT 4 "valor"
    .port_info 2 /OUTPUT 1 "overflow"
    .port_info 3 /INPUT 1 "reset"
v0000000002434280_0 .net "clock", 0 0, v0000000002433240_0;  alias, 1 drivers
v0000000002434460_0 .var "overflow", 0 0;
v0000000002434640_0 .net "reset", 0 0, v00000000024821a0_0;  alias, 1 drivers
v0000000002434960_0 .var "valor", 3 0;
E_0000000002407600 .event posedge, v00000000023fa6e0_0, v0000000002433240_0;
S_000000000247ac00 .scope module, "bcdModule2_4" "contadorBCD" 2 53, 3 1 0, S_00000000009be560;
 .timescale 0 0;
    .port_info 0 /INPUT 1 "clock"
    .port_info 1 /OUTPUT 4 "valor"
    .port_info 2 /OUTPUT 1 "overflow"
    .port_info 3 /INPUT 1 "reset"
v00000000024346e0_0 .net "clock", 0 0, v0000000002434460_0;  alias, 1 drivers
v0000000002434aa0_0 .var "overflow", 0 0;
v0000000002434be0_0 .net "reset", 0 0, v00000000024821a0_0;  alias, 1 drivers
v0000000002434c80_0 .var "valor", 3 0;
E_00000000024076c0 .event posedge, v00000000023fa6e0_0, v0000000002434460_0;
S_000000000247a300 .scope module, "bcdModule2_5" "contadorBCD" 2 54, 3 1 0, S_00000000009be560;
 .timescale 0 0;
    .port_info 0 /INPUT 1 "clock"
    .port_info 1 /OUTPUT 4 "valor"
    .port_info 2 /OUTPUT 1 "overflow"
    .port_info 3 /INPUT 1 "reset"
v0000000002434dc0_0 .net "clock", 0 0, v0000000002434aa0_0;  alias, 1 drivers
v000000000243ac00_0 .var "overflow", 0 0;
v000000000243a160_0 .net "reset", 0 0, v00000000024821a0_0;  alias, 1 drivers
v000000000243a340_0 .var "valor", 3 0;
E_0000000002407700 .event posedge, v00000000023fa6e0_0, v0000000002434aa0_0;
S_000000000247a480 .scope module, "bcdModule3_0" "contadorBCD" 2 56, 3 1 0, S_00000000009be560;
 .timescale 0 0;
    .port_info 0 /INPUT 1 "clock"
    .port_info 1 /OUTPUT 4 "valor"
    .port_info 2 /OUTPUT 1 "overflow"
    .port_info 3 /INPUT 1 "reset"
v000000000243af20_0 .net "clock", 0 0, v000000000247c440_0;  alias, 1 drivers
v0000000002439ee0_0 .var "overflow", 0 0;
v0000000002439080_0 .net "reset", 0 0, v00000000024821a0_0;  alias, 1 drivers
v00000000024396c0_0 .var "valor", 3 0;
E_0000000002407740 .event posedge, v00000000023fa6e0_0, v000000000243af20_0;
S_000000000247a780 .scope module, "bcdModule3_1" "contadorBCD" 2 57, 3 1 0, S_00000000009be560;
 .timescale 0 0;
    .port_info 0 /INPUT 1 "clock"
    .port_info 1 /OUTPUT 4 "valor"
    .port_info 2 /OUTPUT 1 "overflow"
    .port_info 3 /INPUT 1 "reset"
v00000000024398a0_0 .net "clock", 0 0, v0000000002439ee0_0;  alias, 1 drivers
v0000000002439580_0 .var "overflow", 0 0;
v0000000002439bc0_0 .net "reset", 0 0, v00000000024821a0_0;  alias, 1 drivers
v0000000002439120_0 .var "valor", 3 0;
E_0000000002407940 .event posedge, v00000000023fa6e0_0, v0000000002439ee0_0;
S_000000000247aa80 .scope module, "bcdModule3_2" "contadorBCD" 2 58, 3 1 0, S_00000000009be560;
 .timescale 0 0;
    .port_info 0 /INPUT 1 "clock"
    .port_info 1 /OUTPUT 4 "valor"
    .port_info 2 /OUTPUT 1 "overflow"
    .port_info 3 /INPUT 1 "reset"
v0000000002439620_0 .net "clock", 0 0, v0000000002439580_0;  alias, 1 drivers
v0000000002439f80_0 .var "overflow", 0 0;
v0000000002439440_0 .net "reset", 0 0, v00000000024821a0_0;  alias, 1 drivers
v0000000002439b20_0 .var "valor", 3 0;
E_0000000002407780 .event posedge, v00000000023fa6e0_0, v0000000002439580_0;
S_0000000002479e80 .scope module, "bcdModule3_3" "contadorBCD" 2 59, 3 1 0, S_00000000009be560;
 .timescale 0 0;
    .port_info 0 /INPUT 1 "clock"
    .port_info 1 /OUTPUT 4 "valor"
    .port_info 2 /OUTPUT 1 "overflow"
    .port_info 3 /INPUT 1 "reset"
v0000000002439800_0 .net "clock", 0 0, v0000000002439f80_0;  alias, 1 drivers
v000000000243aac0_0 .var "overflow", 0 0;
v000000000243aca0_0 .net "reset", 0 0, v00000000024821a0_0;  alias, 1 drivers
v000000000243a840_0 .var "valor", 3 0;
E_0000000002407980 .event posedge, v00000000023fa6e0_0, v0000000002439f80_0;
S_000000000247a600 .scope module, "bcdModule3_4" "contadorBCD" 2 60, 3 1 0, S_00000000009be560;
 .timescale 0 0;
    .port_info 0 /INPUT 1 "clock"
    .port_info 1 /OUTPUT 4 "valor"
    .port_info 2 /OUTPUT 1 "overflow"
    .port_info 3 /INPUT 1 "reset"
v0000000002439300_0 .net "clock", 0 0, v000000000243aac0_0;  alias, 1 drivers
v000000000243a2a0_0 .var "overflow", 0 0;
v0000000002439760_0 .net "reset", 0 0, v00000000024821a0_0;  alias, 1 drivers
v000000000243a660_0 .var "valor", 3 0;
E_00000000024079c0 .event posedge, v00000000023fa6e0_0, v000000000243aac0_0;
S_000000000247a900 .scope module, "bcdModule3_5" "contadorBCD" 2 61, 3 1 0, S_00000000009be560;
 .timescale 0 0;
    .port_info 0 /INPUT 1 "clock"
    .port_info 1 /OUTPUT 4 "valor"
    .port_info 2 /OUTPUT 1 "overflow"
    .port_info 3 /INPUT 1 "reset"
v000000000243a0c0_0 .net "clock", 0 0, v000000000243a2a0_0;  alias, 1 drivers
v000000000243a020_0 .var "overflow", 0 0;
v000000000243a8e0_0 .net "reset", 0 0, v00000000024821a0_0;  alias, 1 drivers
v000000000243a200_0 .var "valor", 3 0;
E_0000000002407c00 .event posedge, v00000000023fa6e0_0, v000000000243a2a0_0;
S_000000000247a000 .scope module, "bcdModule4_0" "contadorBCD" 2 63, 3 1 0, S_00000000009be560;
 .timescale 0 0;
    .port_info 0 /INPUT 1 "clock"
    .port_info 1 /OUTPUT 4 "valor"
    .port_info 2 /OUTPUT 1 "overflow"
    .port_info 3 /INPUT 1 "reset"
v00000000024394e0_0 .net "clock", 0 0, v000000000247c620_0;  alias, 1 drivers
v000000000243a480_0 .var "overflow", 0 0;
v000000000243a7a0_0 .net "reset", 0 0, v00000000024821a0_0;  alias, 1 drivers
v000000000243a3e0_0 .var "valor", 3 0;
E_0000000002407c40 .event posedge, v00000000023fa6e0_0, v00000000024394e0_0;
S_000000000247a180 .scope module, "bcdModule4_1" "contadorBCD" 2 64, 3 1 0, S_00000000009be560;
 .timescale 0 0;
    .port_info 0 /INPUT 1 "clock"
    .port_info 1 /OUTPUT 4 "valor"
    .port_info 2 /OUTPUT 1 "overflow"
    .port_info 3 /INPUT 1 "reset"
v0000000002439940_0 .net "clock", 0 0, v000000000243a480_0;  alias, 1 drivers
v00000000024391c0_0 .var "overflow", 0 0;
v000000000243a980_0 .net "reset", 0 0, v00000000024821a0_0;  alias, 1 drivers
v000000000243ad40_0 .var "valor", 3 0;
E_0000000002409000 .event posedge, v00000000023fa6e0_0, v000000000243a480_0;
S_000000000243c920 .scope module, "bcdModule4_2" "contadorBCD" 2 65, 3 1 0, S_00000000009be560;
 .timescale 0 0;
    .port_info 0 /INPUT 1 "clock"
    .port_info 1 /OUTPUT 4 "valor"
    .port_info 2 /OUTPUT 1 "overflow"
    .port_info 3 /INPUT 1 "reset"
v000000000243aa20_0 .net "clock", 0 0, v00000000024391c0_0;  alias, 1 drivers
v000000000243a520_0 .var "overflow", 0 0;
v00000000024399e0_0 .net "reset", 0 0, v00000000024821a0_0;  alias, 1 drivers
v000000000243ab60_0 .var "valor", 3 0;
E_0000000002408780 .event posedge, v00000000023fa6e0_0, v00000000024391c0_0;
S_000000000243b2a0 .scope module, "bcdModule4_3" "contadorBCD" 2 66, 3 1 0, S_00000000009be560;
 .timescale 0 0;
    .port_info 0 /INPUT 1 "clock"
    .port_info 1 /OUTPUT 4 "valor"
    .port_info 2 /OUTPUT 1 "overflow"
    .port_info 3 /INPUT 1 "reset"
v0000000002439260_0 .net "clock", 0 0, v000000000243a520_0;  alias, 1 drivers
v000000000243a5c0_0 .var "overflow", 0 0;
v0000000002439a80_0 .net "reset", 0 0, v00000000024821a0_0;  alias, 1 drivers
v00000000024393a0_0 .var "valor", 3 0;
E_0000000002408880 .event posedge, v00000000023fa6e0_0, v000000000243a520_0;
S_000000000243ba20 .scope module, "bcdModule4_4" "contadorBCD" 2 67, 3 1 0, S_00000000009be560;
 .timescale 0 0;
    .port_info 0 /INPUT 1 "clock"
    .port_info 1 /OUTPUT 4 "valor"
    .port_info 2 /OUTPUT 1 "overflow"
    .port_info 3 /INPUT 1 "reset"
v000000000243a700_0 .net "clock", 0 0, v000000000243a5c0_0;  alias, 1 drivers
v0000000002439c60_0 .var "overflow", 0 0;
v000000000243ade0_0 .net "reset", 0 0, v00000000024821a0_0;  alias, 1 drivers
v0000000002439d00_0 .var "valor", 3 0;
E_0000000002408400 .event posedge, v00000000023fa6e0_0, v000000000243a5c0_0;
S_000000000243b720 .scope module, "bcdModule4_5" "contadorBCD" 2 68, 3 1 0, S_00000000009be560;
 .timescale 0 0;
    .port_info 0 /INPUT 1 "clock"
    .port_info 1 /OUTPUT 4 "valor"
    .port_info 2 /OUTPUT 1 "overflow"
    .port_info 3 /INPUT 1 "reset"
v0000000002439da0_0 .net "clock", 0 0, v0000000002439c60_0;  alias, 1 drivers
v000000000243ae80_0 .var "overflow", 0 0;
v0000000002439e40_0 .net "reset", 0 0, v00000000024821a0_0;  alias, 1 drivers
v000000000247c800_0 .var "valor", 3 0;
E_0000000002408cc0 .event posedge, v00000000023fa6e0_0, v0000000002439c60_0;
S_000000000243bea0 .scope module, "clock0" "clock1unit" 2 29, 4 1 0, S_00000000009be560;
 .timescale 0 0;
    .port_info 0 /OUTPUT 1 "clk"
v000000000247c580_0 .var "clk", 0 0;
S_000000000243cda0 .scope module, "urna0" "urna" 2 31, 5 1 0, S_00000000009be560;
 .timescale 0 0;
    .port_info 0 /INPUT 1 "valid"
    .port_info 1 /OUTPUT 3 "estado"
    .port_info 2 /OUTPUT 3 "next_estado"
    .port_info 3 /INPUT 1 "clock"
    .port_info 4 /INPUT 1 "finish"
    .port_info 5 /INPUT 1 "confirma"
    .port_info 6 /INPUT 1 "reset"
    .port_info 7 /INPUT 4 "digit"
    .port_info 8 /OUTPUT 4 "digito1"
    .port_info 9 /OUTPUT 4 "digito2"
    .port_info 10 /OUTPUT 4 "digito3"
    .port_info 11 /OUTPUT 4 "digito4"
    .port_info 12 /OUTPUT 1 "candidatoArthur"
    .port_info 13 /OUTPUT 1 "candidatoLeandro"
    .port_info 14 /OUTPUT 1 "candidatoMateus"
    .port_info 15 /OUTPUT 1 "candidatoPablo"
    .port_info 16 /OUTPUT 1 "candidatoNulo"
    .port_info 17 /OUTPUT 2 "votoValido"
P_00000000023937e0 .param/l "aguardando1Dig" 0 5 29, C4<000>;
P_0000000002393818 .param/l "aguardando2Dig" 0 5 30, C4<001>;
P_0000000002393850 .param/l "aguardando3Dig" 0 5 31, C4<010>;
P_0000000002393888 .param/l "aguardando4Dig" 0 5 32, C4<011>;
P_00000000023938c0 .param/l "aguardandoConfirma" 0 5 33, C4<100>;
P_00000000023938f8 .param/l "matriculaArthur" 0 5 24, C4<0011010100000011>;
P_0000000002393930 .param/l "matriculaLeandro" 0 5 25, C4<0011010100010011>;
P_0000000002393968 .param/l "matriculaMateus" 0 5 26, C4<0011010010001001>;
P_00000000023939a0 .param/l "matriculaPablo" 0 5 27, C4<0011010010000000>;
P_00000000023939d8 .param/l "resetando" 0 5 34, C4<111>;
v000000000247bea0_0 .var "candidatoArthur", 0 0;
v000000000247cb20_0 .var "candidatoLeandro", 0 0;
v000000000247b2c0_0 .var "candidatoMateus", 0 0;
v000000000247c620_0 .var "candidatoNulo", 0 0;
v000000000247c440_0 .var "candidatoPablo", 0 0;
v000000000247c300_0 .net "clock", 0 0, v000000000247c580_0;  alias, 1 drivers
v000000000247c3a0_0 .net "confirma", 0 0, v0000000002480870_0;  1 drivers
v000000000247c6c0_0 .net "digit", 3 0, v0000000002480910_0;  1 drivers
v000000000247b360_0 .var "digito1", 3 0;
v000000000247afa0_0 .var "digito2", 3 0;
v000000000247c9e0_0 .var "digito3", 3 0;
v000000000247bf40_0 .var "digito4", 3 0;
v000000000247c080_0 .var "estado", 2 0;
v000000000247bfe0_0 .net "finish", 0 0, v00000000024814f0_0;  1 drivers
v000000000247c760_0 .var "next_candidatoArthur", 0 0;
v000000000247c1c0_0 .var "next_candidatoLeandro", 0 0;
v000000000247c8a0_0 .var "next_candidatoMateus", 0 0;
v000000000247b900_0 .var "next_candidatoNulo", 0 0;
v000000000247c120_0 .var "next_candidatoPablo", 0 0;
v000000000247c260_0 .var "next_digito1", 3 0;
v000000000247c940_0 .var "next_digito2", 3 0;
v000000000247be00_0 .var "next_digito3", 3 0;
v000000000247ba40_0 .var "next_digito4", 3 0;
v000000000247cbc0_0 .var "next_estado", 2 0;
v000000000247cc60_0 .var "next_votoValido", 1 0;
v000000000247bae0_0 .net "reset", 0 0, v0000000002483500_0;  1 drivers
v000000000247bd60_0 .net "valid", 0 0, v00000000024833c0_0;  1 drivers
v000000000247b4a0_0 .var "votoValido", 1 0;
E_0000000002408e00 .event posedge, v000000000247bd60_0;
E_00000000024080c0 .event posedge, v000000000247c580_0;
    .scope S_000000000243bea0;
T_0 ;
    %pushi/vec4 0, 0, 1;
    %store/vec4 v000000000247c580_0, 0, 1;
    %end;
    .thread T_0;
    .scope S_000000000243bea0;
T_1 ;
    %delay 1, 0;
    %load/vec4 v000000000247c580_0;
    %inv;
    %store/vec4 v000000000247c580_0, 0, 1;
    %jmp T_1;
    .thread T_1;
    .scope S_000000000243cda0;
T_2 ;
    %wait E_00000000024080c0;
    %load/vec4 v000000000247bfe0_0;
    %inv;
    %flag_set/vec4 8;
    %jmp/0xz  T_2.0, 8;
    %load/vec4 v000000000247bae0_0;
    %flag_set/vec4 8;
    %jmp/0xz  T_2.2, 8;
    %pushi/vec4 0, 0, 1;
    %assign/vec4 v000000000247bea0_0, 0;
    %pushi/vec4 0, 0, 1;
    %assign/vec4 v000000000247cb20_0, 0;
    %pushi/vec4 0, 0, 1;
    %assign/vec4 v000000000247b2c0_0, 0;
    %pushi/vec4 0, 0, 1;
    %assign/vec4 v000000000247c440_0, 0;
    %pushi/vec4 0, 0, 1;
    %assign/vec4 v000000000247c620_0, 0;
    %pushi/vec4 0, 0, 4;
    %assign/vec4 v000000000247b360_0, 0;
    %pushi/vec4 0, 0, 4;
    %assign/vec4 v000000000247afa0_0, 0;
    %pushi/vec4 0, 0, 4;
    %assign/vec4 v000000000247c9e0_0, 0;
    %pushi/vec4 0, 0, 4;
    %assign/vec4 v000000000247bf40_0, 0;
    %pushi/vec4 0, 0, 2;
    %assign/vec4 v000000000247b4a0_0, 0;
    %pushi/vec4 7, 0, 3;
    %assign/vec4 v000000000247c080_0, 0;
T_2.2 ;
    %load/vec4 v000000000247bae0_0;
    %inv;
    %flag_set/vec4 8;
    %jmp/0xz  T_2.4, 8;
    %load/vec4 v000000000247c760_0;
    %assign/vec4 v000000000247bea0_0, 0;
    %load/vec4 v000000000247c1c0_0;
    %assign/vec4 v000000000247cb20_0, 0;
    %load/vec4 v000000000247c8a0_0;
    %assign/vec4 v000000000247b2c0_0, 0;
    %load/vec4 v000000000247c120_0;
    %assign/vec4 v000000000247c440_0, 0;
    %load/vec4 v000000000247b900_0;
    %assign/vec4 v000000000247c620_0, 0;
    %load/vec4 v000000000247c260_0;
    %assign/vec4 v000000000247b360_0, 0;
    %load/vec4 v000000000247c940_0;
    %assign/vec4 v000000000247afa0_0, 0;
    %load/vec4 v000000000247be00_0;
    %assign/vec4 v000000000247c9e0_0, 0;
    %load/vec4 v000000000247ba40_0;
    %assign/vec4 v000000000247bf40_0, 0;
    %load/vec4 v000000000247cc60_0;
    %assign/vec4 v000000000247b4a0_0, 0;
    %load/vec4 v000000000247cbc0_0;
    %assign/vec4 v000000000247c080_0, 0;
T_2.4 ;
T_2.0 ;
    %jmp T_2;
    .thread T_2;
    .scope S_000000000243cda0;
T_3 ;
    %wait E_0000000002408e00;
    %load/vec4 v000000000247c080_0;
    %dup/vec4;
    %pushi/vec4 7, 0, 3;
    %cmp/u;
    %jmp/1 T_3.0, 6;
    %dup/vec4;
    %pushi/vec4 0, 0, 3;
    %cmp/u;
    %jmp/1 T_3.1, 6;
    %dup/vec4;
    %pushi/vec4 1, 0, 3;
    %cmp/u;
    %jmp/1 T_3.2, 6;
    %dup/vec4;
    %pushi/vec4 2, 0, 3;
    %cmp/u;
    %jmp/1 T_3.3, 6;
    %dup/vec4;
    %pushi/vec4 3, 0, 3;
    %cmp/u;
    %jmp/1 T_3.4, 6;
    %dup/vec4;
    %pushi/vec4 4, 0, 3;
    %cmp/u;
    %jmp/1 T_3.5, 6;
    %jmp T_3.6;
T_3.0 ;
    %pushi/vec4 0, 0, 3;
    %assign/vec4 v000000000247cbc0_0, 0;
    %pushi/vec4 0, 0, 1;
    %assign/vec4 v000000000247c760_0, 0;
    %pushi/vec4 0, 0, 1;
    %assign/vec4 v000000000247c1c0_0, 0;
    %pushi/vec4 0, 0, 1;
    %assign/vec4 v000000000247c8a0_0, 0;
    %pushi/vec4 0, 0, 1;
    %assign/vec4 v000000000247c120_0, 0;
    %pushi/vec4 0, 0, 1;
    %assign/vec4 v000000000247b900_0, 0;
    %pushi/vec4 0, 0, 4;
    %assign/vec4 v000000000247c260_0, 0;
    %pushi/vec4 0, 0, 4;
    %assign/vec4 v000000000247c940_0, 0;
    %pushi/vec4 0, 0, 4;
    %assign/vec4 v000000000247be00_0, 0;
    %pushi/vec4 0, 0, 4;
    %assign/vec4 v000000000247ba40_0, 0;
    %jmp T_3.6;
T_3.1 ;
    %pushi/vec4 0, 0, 1;
    %assign/vec4 v000000000247c760_0, 0;
    %pushi/vec4 0, 0, 1;
    %assign/vec4 v000000000247c1c0_0, 0;
    %pushi/vec4 0, 0, 1;
    %assign/vec4 v000000000247c8a0_0, 0;
    %pushi/vec4 0, 0, 1;
    %assign/vec4 v000000000247c120_0, 0;
    %pushi/vec4 0, 0, 1;
    %assign/vec4 v000000000247b900_0, 0;
    %pushi/vec4 0, 0, 4;
    %assign/vec4 v000000000247c940_0, 0;
    %pushi/vec4 0, 0, 4;
    %assign/vec4 v000000000247be00_0, 0;
    %pushi/vec4 0, 0, 4;
    %assign/vec4 v000000000247ba40_0, 0;
    %load/vec4 v000000000247c6c0_0;
    %assign/vec4 v000000000247c260_0, 0;
    %pushi/vec4 1, 0, 3;
    %assign/vec4 v000000000247cbc0_0, 0;
    %jmp T_3.6;
T_3.2 ;
    %load/vec4 v000000000247c6c0_0;
    %assign/vec4 v000000000247c940_0, 0;
    %pushi/vec4 2, 0, 3;
    %assign/vec4 v000000000247cbc0_0, 0;
    %jmp T_3.6;
T_3.3 ;
    %load/vec4 v000000000247c6c0_0;
    %assign/vec4 v000000000247be00_0, 0;
    %pushi/vec4 3, 0, 3;
    %assign/vec4 v000000000247cbc0_0, 0;
    %jmp T_3.6;
T_3.4 ;
    %load/vec4 v000000000247c6c0_0;
    %assign/vec4 v000000000247ba40_0, 0;
    %pushi/vec4 4, 0, 3;
    %assign/vec4 v000000000247cbc0_0, 0;
    %jmp T_3.6;
T_3.5 ;
    %load/vec4 v000000000247b360_0;
    %load/vec4 v000000000247afa0_0;
    %concat/vec4; draw_concat_vec4
    %load/vec4 v000000000247c9e0_0;
    %concat/vec4; draw_concat_vec4
    %load/vec4 v000000000247bf40_0;
    %concat/vec4; draw_concat_vec4
    %dup/vec4;
    %pushi/vec4 13571, 0, 16;
    %cmp/u;
    %jmp/1 T_3.7, 6;
    %dup/vec4;
    %pushi/vec4 13587, 0, 16;
    %cmp/u;
    %jmp/1 T_3.8, 6;
    %dup/vec4;
    %pushi/vec4 13449, 0, 16;
    %cmp/u;
    %jmp/1 T_3.9, 6;
    %dup/vec4;
    %pushi/vec4 13440, 0, 16;
    %cmp/u;
    %jmp/1 T_3.10, 6;
    %load/vec4 v000000000247c3a0_0;
    %flag_set/vec4 8;
    %jmp/0xz  T_3.13, 8;
    %pushi/vec4 1, 0, 1;
    %assign/vec4 v000000000247b900_0, 0;
    %pushi/vec4 3, 0, 2;
    %assign/vec4 v000000000247cc60_0, 0;
    %pushi/vec4 0, 0, 3;
    %assign/vec4 v000000000247cbc0_0, 0;
T_3.13 ;
    %jmp T_3.12;
T_3.7 ;
    %load/vec4 v000000000247c3a0_0;
    %flag_set/vec4 8;
    %jmp/0xz  T_3.15, 8;
    %pushi/vec4 1, 0, 1;
    %assign/vec4 v000000000247c760_0, 0;
    %pushi/vec4 1, 0, 2;
    %assign/vec4 v000000000247cc60_0, 0;
    %pushi/vec4 0, 0, 3;
    %assign/vec4 v000000000247cbc0_0, 0;
T_3.15 ;
    %jmp T_3.12;
T_3.8 ;
    %load/vec4 v000000000247c3a0_0;
    %flag_set/vec4 8;
    %jmp/0xz  T_3.17, 8;
    %pushi/vec4 1, 0, 1;
    %assign/vec4 v000000000247c1c0_0, 0;
    %pushi/vec4 1, 0, 2;
    %assign/vec4 v000000000247cc60_0, 0;
    %pushi/vec4 0, 0, 3;
    %assign/vec4 v000000000247cbc0_0, 0;
T_3.17 ;
    %jmp T_3.12;
T_3.9 ;
    %load/vec4 v000000000247c3a0_0;
    %flag_set/vec4 8;
    %jmp/0xz  T_3.19, 8;
    %pushi/vec4 1, 0, 1;
    %assign/vec4 v000000000247c8a0_0, 0;
    %pushi/vec4 1, 0, 2;
    %assign/vec4 v000000000247cc60_0, 0;
    %pushi/vec4 0, 0, 3;
    %assign/vec4 v000000000247cbc0_0, 0;
T_3.19 ;
    %jmp T_3.12;
T_3.10 ;
    %load/vec4 v000000000247c3a0_0;
    %flag_set/vec4 8;
    %jmp/0xz  T_3.21, 8;
    %pushi/vec4 1, 0, 1;
    %assign/vec4 v000000000247c120_0, 0;
    %pushi/vec4 1, 0, 2;
    %assign/vec4 v000000000247cc60_0, 0;
    %pushi/vec4 0, 0, 3;
    %assign/vec4 v000000000247cbc0_0, 0;
T_3.21 ;
    %jmp T_3.12;
T_3.12 ;
    %pop/vec4 1;
    %jmp T_3.6;
T_3.6 ;
    %pop/vec4 1;
    %jmp T_3;
    .thread T_3;
    .scope S_0000000002353180;
T_4 ;
    %wait E_0000000002407f00;
    %load/vec4 v00000000023fa6e0_0;
    %flag_set/vec4 8;
    %jmp/0xz  T_4.0, 8;
    %pushi/vec4 0, 0, 4;
    %store/vec4 v00000000023f8de0_0, 0, 4;
    %pushi/vec4 0, 0, 1;
    %store/vec4 v00000000023f8d40_0, 0, 1;
    %jmp T_4.1;
T_4.0 ;
    %load/vec4 v00000000023f8de0_0;
    %addi 1, 0, 4;
    %store/vec4 v00000000023f8de0_0, 0, 4;
    %load/vec4 v00000000023f8de0_0;
    %pad/u 32;
    %cmpi/e 10, 0, 32;
    %jmp/0xz  T_4.2, 4;
    %pushi/vec4 0, 0, 4;
    %store/vec4 v00000000023f8de0_0, 0, 4;
    %pushi/vec4 1, 0, 1;
    %store/vec4 v00000000023f8d40_0, 0, 1;
    %pushi/vec4 0, 0, 1;
    %store/vec4 v00000000023f8d40_0, 0, 1;
T_4.2 ;
T_4.1 ;
    %jmp T_4;
    .thread T_4;
    .scope S_0000000002353300;
T_5 ;
    %wait E_0000000002407fc0;
    %load/vec4 v00000000023f91a0_0;
    %flag_set/vec4 8;
    %jmp/0xz  T_5.0, 8;
    %pushi/vec4 0, 0, 4;
    %store/vec4 v00000000023f88e0_0, 0, 4;
    %pushi/vec4 0, 0, 1;
    %store/vec4 v00000000023f9740_0, 0, 1;
    %jmp T_5.1;
T_5.0 ;
    %load/vec4 v00000000023f88e0_0;
    %addi 1, 0, 4;
    %store/vec4 v00000000023f88e0_0, 0, 4;
    %load/vec4 v00000000023f88e0_0;
    %pad/u 32;
    %cmpi/e 10, 0, 32;
    %jmp/0xz  T_5.2, 4;
    %pushi/vec4 0, 0, 4;
    %store/vec4 v00000000023f88e0_0, 0, 4;
    %pushi/vec4 1, 0, 1;
    %store/vec4 v00000000023f9740_0, 0, 1;
    %pushi/vec4 0, 0, 1;
    %store/vec4 v00000000023f9740_0, 0, 1;
T_5.2 ;
T_5.1 ;
    %jmp T_5;
    .thread T_5;
    .scope S_00000000024110a0;
T_6 ;
    %wait E_0000000002407900;
    %load/vec4 v00000000023f9880_0;
    %flag_set/vec4 8;
    %jmp/0xz  T_6.0, 8;
    %pushi/vec4 0, 0, 4;
    %store/vec4 v00000000023f9920_0, 0, 4;
    %pushi/vec4 0, 0, 1;
    %store/vec4 v00000000023f9a60_0, 0, 1;
    %jmp T_6.1;
T_6.0 ;
    %load/vec4 v00000000023f9920_0;
    %addi 1, 0, 4;
    %store/vec4 v00000000023f9920_0, 0, 4;
    %load/vec4 v00000000023f9920_0;
    %pad/u 32;
    %cmpi/e 10, 0, 32;
    %jmp/0xz  T_6.2, 4;
    %pushi/vec4 0, 0, 4;
    %store/vec4 v00000000023f9920_0, 0, 4;
    %pushi/vec4 1, 0, 1;
    %store/vec4 v00000000023f9a60_0, 0, 1;
    %pushi/vec4 0, 0, 1;
    %store/vec4 v00000000023f9a60_0, 0, 1;
T_6.2 ;
T_6.1 ;
    %jmp T_6;
    .thread T_6;
    .scope S_0000000002395eb0;
T_7 ;
    %wait E_0000000002408000;
    %load/vec4 v00000000023f9b00_0;
    %flag_set/vec4 8;
    %jmp/0xz  T_7.0, 8;
    %pushi/vec4 0, 0, 4;
    %store/vec4 v00000000023f8a20_0, 0, 4;
    %pushi/vec4 0, 0, 1;
    %store/vec4 v00000000023f8980_0, 0, 1;
    %jmp T_7.1;
T_7.0 ;
    %load/vec4 v00000000023f8a20_0;
    %addi 1, 0, 4;
    %store/vec4 v00000000023f8a20_0, 0, 4;
    %load/vec4 v00000000023f8a20_0;
    %pad/u 32;
    %cmpi/e 10, 0, 32;
    %jmp/0xz  T_7.2, 4;
    %pushi/vec4 0, 0, 4;
    %store/vec4 v00000000023f8a20_0, 0, 4;
    %pushi/vec4 1, 0, 1;
    %store/vec4 v00000000023f8980_0, 0, 1;
    %pushi/vec4 0, 0, 1;
    %store/vec4 v00000000023f8980_0, 0, 1;
T_7.2 ;
T_7.1 ;
    %jmp T_7;
    .thread T_7;
    .scope S_0000000002396030;
T_8 ;
    %wait E_0000000002407c80;
    %load/vec4 v00000000023f8ac0_0;
    %flag_set/vec4 8;
    %jmp/0xz  T_8.0, 8;
    %pushi/vec4 0, 0, 4;
    %store/vec4 v0000000002433b00_0, 0, 4;
    %pushi/vec4 0, 0, 1;
    %store/vec4 v00000000023f9e20_0, 0, 1;
    %jmp T_8.1;
T_8.0 ;
    %load/vec4 v0000000002433b00_0;
    %addi 1, 0, 4;
    %store/vec4 v0000000002433b00_0, 0, 4;
    %load/vec4 v0000000002433b00_0;
    %pad/u 32;
    %cmpi/e 10, 0, 32;
    %jmp/0xz  T_8.2, 4;
    %pushi/vec4 0, 0, 4;
    %store/vec4 v0000000002433b00_0, 0, 4;
    %pushi/vec4 1, 0, 1;
    %store/vec4 v00000000023f9e20_0, 0, 1;
    %pushi/vec4 0, 0, 1;
    %store/vec4 v00000000023f9e20_0, 0, 1;
T_8.2 ;
T_8.1 ;
    %jmp T_8;
    .thread T_8;
    .scope S_00000000023976d0;
T_9 ;
    %wait E_00000000024072c0;
    %load/vec4 v00000000024334c0_0;
    %flag_set/vec4 8;
    %jmp/0xz  T_9.0, 8;
    %pushi/vec4 0, 0, 4;
    %store/vec4 v0000000002433ba0_0, 0, 4;
    %pushi/vec4 0, 0, 1;
    %store/vec4 v0000000002434b40_0, 0, 1;
    %jmp T_9.1;
T_9.0 ;
    %load/vec4 v0000000002433ba0_0;
    %addi 1, 0, 4;
    %store/vec4 v0000000002433ba0_0, 0, 4;
    %load/vec4 v0000000002433ba0_0;
    %pad/u 32;
    %cmpi/e 10, 0, 32;
    %jmp/0xz  T_9.2, 4;
    %pushi/vec4 0, 0, 4;
    %store/vec4 v0000000002433ba0_0, 0, 4;
    %pushi/vec4 1, 0, 1;
    %store/vec4 v0000000002434b40_0, 0, 1;
    %pushi/vec4 0, 0, 1;
    %store/vec4 v0000000002434b40_0, 0, 1;
T_9.2 ;
T_9.1 ;
    %jmp T_9;
    .thread T_9;
    .scope S_0000000002397c50;
T_10 ;
    %wait E_0000000002408040;
    %load/vec4 v0000000002433420_0;
    %flag_set/vec4 8;
    %jmp/0xz  T_10.0, 8;
    %pushi/vec4 0, 0, 4;
    %store/vec4 v0000000002434e60_0, 0, 4;
    %pushi/vec4 0, 0, 1;
    %store/vec4 v0000000002434320_0, 0, 1;
    %jmp T_10.1;
T_10.0 ;
    %load/vec4 v0000000002434e60_0;
    %addi 1, 0, 4;
    %store/vec4 v0000000002434e60_0, 0, 4;
    %load/vec4 v0000000002434e60_0;
    %pad/u 32;
    %cmpi/e 10, 0, 32;
    %jmp/0xz  T_10.2, 4;
    %pushi/vec4 0, 0, 4;
    %store/vec4 v0000000002434e60_0, 0, 4;
    %pushi/vec4 1, 0, 1;
    %store/vec4 v0000000002434320_0, 0, 1;
    %pushi/vec4 0, 0, 1;
    %store/vec4 v0000000002434320_0, 0, 1;
T_10.2 ;
T_10.1 ;
    %jmp T_10;
    .thread T_10;
    .scope S_00000000024790b0;
T_11 ;
    %wait E_00000000024074c0;
    %load/vec4 v0000000002433ec0_0;
    %flag_set/vec4 8;
    %jmp/0xz  T_11.0, 8;
    %pushi/vec4 0, 0, 4;
    %store/vec4 v0000000002433f60_0, 0, 4;
    %pushi/vec4 0, 0, 1;
    %store/vec4 v0000000002434500_0, 0, 1;
    %jmp T_11.1;
T_11.0 ;
    %load/vec4 v0000000002433f60_0;
    %addi 1, 0, 4;
    %store/vec4 v0000000002433f60_0, 0, 4;
    %load/vec4 v0000000002433f60_0;
    %pad/u 32;
    %cmpi/e 10, 0, 32;
    %jmp/0xz  T_11.2, 4;
    %pushi/vec4 0, 0, 4;
    %store/vec4 v0000000002433f60_0, 0, 4;
    %pushi/vec4 1, 0, 1;
    %store/vec4 v0000000002434500_0, 0, 1;
    %pushi/vec4 0, 0, 1;
    %store/vec4 v0000000002434500_0, 0, 1;
T_11.2 ;
T_11.1 ;
    %jmp T_11;
    .thread T_11;
    .scope S_0000000002479230;
T_12 ;
    %wait E_0000000002407480;
    %load/vec4 v0000000002434000_0;
    %flag_set/vec4 8;
    %jmp/0xz  T_12.0, 8;
    %pushi/vec4 0, 0, 4;
    %store/vec4 v0000000002433560_0, 0, 4;
    %pushi/vec4 0, 0, 1;
    %store/vec4 v0000000002433740_0, 0, 1;
    %jmp T_12.1;
T_12.0 ;
    %load/vec4 v0000000002433560_0;
    %addi 1, 0, 4;
    %store/vec4 v0000000002433560_0, 0, 4;
    %load/vec4 v0000000002433560_0;
    %pad/u 32;
    %cmpi/e 10, 0, 32;
    %jmp/0xz  T_12.2, 4;
    %pushi/vec4 0, 0, 4;
    %store/vec4 v0000000002433560_0, 0, 4;
    %pushi/vec4 1, 0, 1;
    %store/vec4 v0000000002433740_0, 0, 1;
    %pushi/vec4 0, 0, 1;
    %store/vec4 v0000000002433740_0, 0, 1;
T_12.2 ;
T_12.1 ;
    %jmp T_12;
    .thread T_12;
    .scope S_00000000024793b0;
T_13 ;
    %wait E_00000000024070c0;
    %load/vec4 v0000000002434f00_0;
    %flag_set/vec4 8;
    %jmp/0xz  T_13.0, 8;
    %pushi/vec4 0, 0, 4;
    %store/vec4 v00000000024331a0_0, 0, 4;
    %pushi/vec4 0, 0, 1;
    %store/vec4 v00000000024339c0_0, 0, 1;
    %jmp T_13.1;
T_13.0 ;
    %load/vec4 v00000000024331a0_0;
    %addi 1, 0, 4;
    %store/vec4 v00000000024331a0_0, 0, 4;
    %load/vec4 v00000000024331a0_0;
    %pad/u 32;
    %cmpi/e 10, 0, 32;
    %jmp/0xz  T_13.2, 4;
    %pushi/vec4 0, 0, 4;
    %store/vec4 v00000000024331a0_0, 0, 4;
    %pushi/vec4 1, 0, 1;
    %store/vec4 v00000000024339c0_0, 0, 1;
    %pushi/vec4 0, 0, 1;
    %store/vec4 v00000000024339c0_0, 0, 1;
T_13.2 ;
T_13.1 ;
    %jmp T_13;
    .thread T_13;
    .scope S_0000000002479530;
T_14 ;
    %wait E_0000000002407140;
    %load/vec4 v00000000024345a0_0;
    %flag_set/vec4 8;
    %jmp/0xz  T_14.0, 8;
    %pushi/vec4 0, 0, 4;
    %store/vec4 v0000000002434140_0, 0, 4;
    %pushi/vec4 0, 0, 1;
    %store/vec4 v0000000002434780_0, 0, 1;
    %jmp T_14.1;
T_14.0 ;
    %load/vec4 v0000000002434140_0;
    %addi 1, 0, 4;
    %store/vec4 v0000000002434140_0, 0, 4;
    %load/vec4 v0000000002434140_0;
    %pad/u 32;
    %cmpi/e 10, 0, 32;
    %jmp/0xz  T_14.2, 4;
    %pushi/vec4 0, 0, 4;
    %store/vec4 v0000000002434140_0, 0, 4;
    %pushi/vec4 1, 0, 1;
    %store/vec4 v0000000002434780_0, 0, 1;
    %pushi/vec4 0, 0, 1;
    %store/vec4 v0000000002434780_0, 0, 1;
T_14.2 ;
T_14.1 ;
    %jmp T_14;
    .thread T_14;
    .scope S_00000000024796b0;
T_15 ;
    %wait E_0000000002407180;
    %load/vec4 v0000000002433060_0;
    %flag_set/vec4 8;
    %jmp/0xz  T_15.0, 8;
    %pushi/vec4 0, 0, 4;
    %store/vec4 v0000000002434820_0, 0, 4;
    %pushi/vec4 0, 0, 1;
    %store/vec4 v0000000002433600_0, 0, 1;
    %jmp T_15.1;
T_15.0 ;
    %load/vec4 v0000000002434820_0;
    %addi 1, 0, 4;
    %store/vec4 v0000000002434820_0, 0, 4;
    %load/vec4 v0000000002434820_0;
    %pad/u 32;
    %cmpi/e 10, 0, 32;
    %jmp/0xz  T_15.2, 4;
    %pushi/vec4 0, 0, 4;
    %store/vec4 v0000000002434820_0, 0, 4;
    %pushi/vec4 1, 0, 1;
    %store/vec4 v0000000002433600_0, 0, 1;
    %pushi/vec4 0, 0, 1;
    %store/vec4 v0000000002433600_0, 0, 1;
T_15.2 ;
T_15.1 ;
    %jmp T_15;
    .thread T_15;
    .scope S_0000000002479830;
T_16 ;
    %wait E_0000000002407100;
    %load/vec4 v00000000024340a0_0;
    %flag_set/vec4 8;
    %jmp/0xz  T_16.0, 8;
    %pushi/vec4 0, 0, 4;
    %store/vec4 v0000000002433880_0, 0, 4;
    %pushi/vec4 0, 0, 1;
    %store/vec4 v0000000002434a00_0, 0, 1;
    %jmp T_16.1;
T_16.0 ;
    %load/vec4 v0000000002433880_0;
    %addi 1, 0, 4;
    %store/vec4 v0000000002433880_0, 0, 4;
    %load/vec4 v0000000002433880_0;
    %pad/u 32;
    %cmpi/e 10, 0, 32;
    %jmp/0xz  T_16.2, 4;
    %pushi/vec4 0, 0, 4;
    %store/vec4 v0000000002433880_0, 0, 4;
    %pushi/vec4 1, 0, 1;
    %store/vec4 v0000000002434a00_0, 0, 1;
    %pushi/vec4 0, 0, 1;
    %store/vec4 v0000000002434a00_0, 0, 1;
T_16.2 ;
T_16.1 ;
    %jmp T_16;
    .thread T_16;
    .scope S_00000000024799b0;
T_17 ;
    %wait E_0000000002407bc0;
    %load/vec4 v0000000002433e20_0;
    %flag_set/vec4 8;
    %jmp/0xz  T_17.0, 8;
    %pushi/vec4 0, 0, 4;
    %store/vec4 v0000000002433ce0_0, 0, 4;
    %pushi/vec4 0, 0, 1;
    %store/vec4 v00000000024348c0_0, 0, 1;
    %jmp T_17.1;
T_17.0 ;
    %load/vec4 v0000000002433ce0_0;
    %addi 1, 0, 4;
    %store/vec4 v0000000002433ce0_0, 0, 4;
    %load/vec4 v0000000002433ce0_0;
    %pad/u 32;
    %cmpi/e 10, 0, 32;
    %jmp/0xz  T_17.2, 4;
    %pushi/vec4 0, 0, 4;
    %store/vec4 v0000000002433ce0_0, 0, 4;
    %pushi/vec4 1, 0, 1;
    %store/vec4 v00000000024348c0_0, 0, 1;
    %pushi/vec4 0, 0, 1;
    %store/vec4 v00000000024348c0_0, 0, 1;
T_17.2 ;
T_17.1 ;
    %jmp T_17;
    .thread T_17;
    .scope S_0000000002479b30;
T_18 ;
    %wait E_00000000024075c0;
    %load/vec4 v0000000002433a60_0;
    %flag_set/vec4 8;
    %jmp/0xz  T_18.0, 8;
    %pushi/vec4 0, 0, 4;
    %store/vec4 v0000000002433d80_0, 0, 4;
    %pushi/vec4 0, 0, 1;
    %store/vec4 v0000000002433240_0, 0, 1;
    %jmp T_18.1;
T_18.0 ;
    %load/vec4 v0000000002433d80_0;
    %addi 1, 0, 4;
    %store/vec4 v0000000002433d80_0, 0, 4;
    %load/vec4 v0000000002433d80_0;
    %pad/u 32;
    %cmpi/e 10, 0, 32;
    %jmp/0xz  T_18.2, 4;
    %pushi/vec4 0, 0, 4;
    %store/vec4 v0000000002433d80_0, 0, 4;
    %pushi/vec4 1, 0, 1;
    %store/vec4 v0000000002433240_0, 0, 1;
    %pushi/vec4 0, 0, 1;
    %store/vec4 v0000000002433240_0, 0, 1;
T_18.2 ;
T_18.1 ;
    %jmp T_18;
    .thread T_18;
    .scope S_0000000002479cb0;
T_19 ;
    %wait E_0000000002407600;
    %load/vec4 v0000000002434640_0;
    %flag_set/vec4 8;
    %jmp/0xz  T_19.0, 8;
    %pushi/vec4 0, 0, 4;
    %store/vec4 v0000000002434960_0, 0, 4;
    %pushi/vec4 0, 0, 1;
    %store/vec4 v0000000002434460_0, 0, 1;
    %jmp T_19.1;
T_19.0 ;
    %load/vec4 v0000000002434960_0;
    %addi 1, 0, 4;
    %store/vec4 v0000000002434960_0, 0, 4;
    %load/vec4 v0000000002434960_0;
    %pad/u 32;
    %cmpi/e 10, 0, 32;
    %jmp/0xz  T_19.2, 4;
    %pushi/vec4 0, 0, 4;
    %store/vec4 v0000000002434960_0, 0, 4;
    %pushi/vec4 1, 0, 1;
    %store/vec4 v0000000002434460_0, 0, 1;
    %pushi/vec4 0, 0, 1;
    %store/vec4 v0000000002434460_0, 0, 1;
T_19.2 ;
T_19.1 ;
    %jmp T_19;
    .thread T_19;
    .scope S_000000000247ac00;
T_20 ;
    %wait E_00000000024076c0;
    %load/vec4 v0000000002434be0_0;
    %flag_set/vec4 8;
    %jmp/0xz  T_20.0, 8;
    %pushi/vec4 0, 0, 4;
    %store/vec4 v0000000002434c80_0, 0, 4;
    %pushi/vec4 0, 0, 1;
    %store/vec4 v0000000002434aa0_0, 0, 1;
    %jmp T_20.1;
T_20.0 ;
    %load/vec4 v0000000002434c80_0;
    %addi 1, 0, 4;
    %store/vec4 v0000000002434c80_0, 0, 4;
    %load/vec4 v0000000002434c80_0;
    %pad/u 32;
    %cmpi/e 10, 0, 32;
    %jmp/0xz  T_20.2, 4;
    %pushi/vec4 0, 0, 4;
    %store/vec4 v0000000002434c80_0, 0, 4;
    %pushi/vec4 1, 0, 1;
    %store/vec4 v0000000002434aa0_0, 0, 1;
    %pushi/vec4 0, 0, 1;
    %store/vec4 v0000000002434aa0_0, 0, 1;
T_20.2 ;
T_20.1 ;
    %jmp T_20;
    .thread T_20;
    .scope S_000000000247a300;
T_21 ;
    %wait E_0000000002407700;
    %load/vec4 v000000000243a160_0;
    %flag_set/vec4 8;
    %jmp/0xz  T_21.0, 8;
    %pushi/vec4 0, 0, 4;
    %store/vec4 v000000000243a340_0, 0, 4;
    %pushi/vec4 0, 0, 1;
    %store/vec4 v000000000243ac00_0, 0, 1;
    %jmp T_21.1;
T_21.0 ;
    %load/vec4 v000000000243a340_0;
    %addi 1, 0, 4;
    %store/vec4 v000000000243a340_0, 0, 4;
    %load/vec4 v000000000243a340_0;
    %pad/u 32;
    %cmpi/e 10, 0, 32;
    %jmp/0xz  T_21.2, 4;
    %pushi/vec4 0, 0, 4;
    %store/vec4 v000000000243a340_0, 0, 4;
    %pushi/vec4 1, 0, 1;
    %store/vec4 v000000000243ac00_0, 0, 1;
    %pushi/vec4 0, 0, 1;
    %store/vec4 v000000000243ac00_0, 0, 1;
T_21.2 ;
T_21.1 ;
    %jmp T_21;
    .thread T_21;
    .scope S_000000000247a480;
T_22 ;
    %wait E_0000000002407740;
    %load/vec4 v0000000002439080_0;
    %flag_set/vec4 8;
    %jmp/0xz  T_22.0, 8;
    %pushi/vec4 0, 0, 4;
    %store/vec4 v00000000024396c0_0, 0, 4;
    %pushi/vec4 0, 0, 1;
    %store/vec4 v0000000002439ee0_0, 0, 1;
    %jmp T_22.1;
T_22.0 ;
    %load/vec4 v00000000024396c0_0;
    %addi 1, 0, 4;
    %store/vec4 v00000000024396c0_0, 0, 4;
    %load/vec4 v00000000024396c0_0;
    %pad/u 32;
    %cmpi/e 10, 0, 32;
    %jmp/0xz  T_22.2, 4;
    %pushi/vec4 0, 0, 4;
    %store/vec4 v00000000024396c0_0, 0, 4;
    %pushi/vec4 1, 0, 1;
    %store/vec4 v0000000002439ee0_0, 0, 1;
    %pushi/vec4 0, 0, 1;
    %store/vec4 v0000000002439ee0_0, 0, 1;
T_22.2 ;
T_22.1 ;
    %jmp T_22;
    .thread T_22;
    .scope S_000000000247a780;
T_23 ;
    %wait E_0000000002407940;
    %load/vec4 v0000000002439bc0_0;
    %flag_set/vec4 8;
    %jmp/0xz  T_23.0, 8;
    %pushi/vec4 0, 0, 4;
    %store/vec4 v0000000002439120_0, 0, 4;
    %pushi/vec4 0, 0, 1;
    %store/vec4 v0000000002439580_0, 0, 1;
    %jmp T_23.1;
T_23.0 ;
    %load/vec4 v0000000002439120_0;
    %addi 1, 0, 4;
    %store/vec4 v0000000002439120_0, 0, 4;
    %load/vec4 v0000000002439120_0;
    %pad/u 32;
    %cmpi/e 10, 0, 32;
    %jmp/0xz  T_23.2, 4;
    %pushi/vec4 0, 0, 4;
    %store/vec4 v0000000002439120_0, 0, 4;
    %pushi/vec4 1, 0, 1;
    %store/vec4 v0000000002439580_0, 0, 1;
    %pushi/vec4 0, 0, 1;
    %store/vec4 v0000000002439580_0, 0, 1;
T_23.2 ;
T_23.1 ;
    %jmp T_23;
    .thread T_23;
    .scope S_000000000247aa80;
T_24 ;
    %wait E_0000000002407780;
    %load/vec4 v0000000002439440_0;
    %flag_set/vec4 8;
    %jmp/0xz  T_24.0, 8;
    %pushi/vec4 0, 0, 4;
    %store/vec4 v0000000002439b20_0, 0, 4;
    %pushi/vec4 0, 0, 1;
    %store/vec4 v0000000002439f80_0, 0, 1;
    %jmp T_24.1;
T_24.0 ;
    %load/vec4 v0000000002439b20_0;
    %addi 1, 0, 4;
    %store/vec4 v0000000002439b20_0, 0, 4;
    %load/vec4 v0000000002439b20_0;
    %pad/u 32;
    %cmpi/e 10, 0, 32;
    %jmp/0xz  T_24.2, 4;
    %pushi/vec4 0, 0, 4;
    %store/vec4 v0000000002439b20_0, 0, 4;
    %pushi/vec4 1, 0, 1;
    %store/vec4 v0000000002439f80_0, 0, 1;
    %pushi/vec4 0, 0, 1;
    %store/vec4 v0000000002439f80_0, 0, 1;
T_24.2 ;
T_24.1 ;
    %jmp T_24;
    .thread T_24;
    .scope S_0000000002479e80;
T_25 ;
    %wait E_0000000002407980;
    %load/vec4 v000000000243aca0_0;
    %flag_set/vec4 8;
    %jmp/0xz  T_25.0, 8;
    %pushi/vec4 0, 0, 4;
    %store/vec4 v000000000243a840_0, 0, 4;
    %pushi/vec4 0, 0, 1;
    %store/vec4 v000000000243aac0_0, 0, 1;
    %jmp T_25.1;
T_25.0 ;
    %load/vec4 v000000000243a840_0;
    %addi 1, 0, 4;
    %store/vec4 v000000000243a840_0, 0, 4;
    %load/vec4 v000000000243a840_0;
    %pad/u 32;
    %cmpi/e 10, 0, 32;
    %jmp/0xz  T_25.2, 4;
    %pushi/vec4 0, 0, 4;
    %store/vec4 v000000000243a840_0, 0, 4;
    %pushi/vec4 1, 0, 1;
    %store/vec4 v000000000243aac0_0, 0, 1;
    %pushi/vec4 0, 0, 1;
    %store/vec4 v000000000243aac0_0, 0, 1;
T_25.2 ;
T_25.1 ;
    %jmp T_25;
    .thread T_25;
    .scope S_000000000247a600;
T_26 ;
    %wait E_00000000024079c0;
    %load/vec4 v0000000002439760_0;
    %flag_set/vec4 8;
    %jmp/0xz  T_26.0, 8;
    %pushi/vec4 0, 0, 4;
    %store/vec4 v000000000243a660_0, 0, 4;
    %pushi/vec4 0, 0, 1;
    %store/vec4 v000000000243a2a0_0, 0, 1;
    %jmp T_26.1;
T_26.0 ;
    %load/vec4 v000000000243a660_0;
    %addi 1, 0, 4;
    %store/vec4 v000000000243a660_0, 0, 4;
    %load/vec4 v000000000243a660_0;
    %pad/u 32;
    %cmpi/e 10, 0, 32;
    %jmp/0xz  T_26.2, 4;
    %pushi/vec4 0, 0, 4;
    %store/vec4 v000000000243a660_0, 0, 4;
    %pushi/vec4 1, 0, 1;
    %store/vec4 v000000000243a2a0_0, 0, 1;
    %pushi/vec4 0, 0, 1;
    %store/vec4 v000000000243a2a0_0, 0, 1;
T_26.2 ;
T_26.1 ;
    %jmp T_26;
    .thread T_26;
    .scope S_000000000247a900;
T_27 ;
    %wait E_0000000002407c00;
    %load/vec4 v000000000243a8e0_0;
    %flag_set/vec4 8;
    %jmp/0xz  T_27.0, 8;
    %pushi/vec4 0, 0, 4;
    %store/vec4 v000000000243a200_0, 0, 4;
    %pushi/vec4 0, 0, 1;
    %store/vec4 v000000000243a020_0, 0, 1;
    %jmp T_27.1;
T_27.0 ;
    %load/vec4 v000000000243a200_0;
    %addi 1, 0, 4;
    %store/vec4 v000000000243a200_0, 0, 4;
    %load/vec4 v000000000243a200_0;
    %pad/u 32;
    %cmpi/e 10, 0, 32;
    %jmp/0xz  T_27.2, 4;
    %pushi/vec4 0, 0, 4;
    %store/vec4 v000000000243a200_0, 0, 4;
    %pushi/vec4 1, 0, 1;
    %store/vec4 v000000000243a020_0, 0, 1;
    %pushi/vec4 0, 0, 1;
    %store/vec4 v000000000243a020_0, 0, 1;
T_27.2 ;
T_27.1 ;
    %jmp T_27;
    .thread T_27;
    .scope S_000000000247a000;
T_28 ;
    %wait E_0000000002407c40;
    %load/vec4 v000000000243a7a0_0;
    %flag_set/vec4 8;
    %jmp/0xz  T_28.0, 8;
    %pushi/vec4 0, 0, 4;
    %store/vec4 v000000000243a3e0_0, 0, 4;
    %pushi/vec4 0, 0, 1;
    %store/vec4 v000000000243a480_0, 0, 1;
    %jmp T_28.1;
T_28.0 ;
    %load/vec4 v000000000243a3e0_0;
    %addi 1, 0, 4;
    %store/vec4 v000000000243a3e0_0, 0, 4;
    %load/vec4 v000000000243a3e0_0;
    %pad/u 32;
    %cmpi/e 10, 0, 32;
    %jmp/0xz  T_28.2, 4;
    %pushi/vec4 0, 0, 4;
    %store/vec4 v000000000243a3e0_0, 0, 4;
    %pushi/vec4 1, 0, 1;
    %store/vec4 v000000000243a480_0, 0, 1;
    %pushi/vec4 0, 0, 1;
    %store/vec4 v000000000243a480_0, 0, 1;
T_28.2 ;
T_28.1 ;
    %jmp T_28;
    .thread T_28;
    .scope S_000000000247a180;
T_29 ;
    %wait E_0000000002409000;
    %load/vec4 v000000000243a980_0;
    %flag_set/vec4 8;
    %jmp/0xz  T_29.0, 8;
    %pushi/vec4 0, 0, 4;
    %store/vec4 v000000000243ad40_0, 0, 4;
    %pushi/vec4 0, 0, 1;
    %store/vec4 v00000000024391c0_0, 0, 1;
    %jmp T_29.1;
T_29.0 ;
    %load/vec4 v000000000243ad40_0;
    %addi 1, 0, 4;
    %store/vec4 v000000000243ad40_0, 0, 4;
    %load/vec4 v000000000243ad40_0;
    %pad/u 32;
    %cmpi/e 10, 0, 32;
    %jmp/0xz  T_29.2, 4;
    %pushi/vec4 0, 0, 4;
    %store/vec4 v000000000243ad40_0, 0, 4;
    %pushi/vec4 1, 0, 1;
    %store/vec4 v00000000024391c0_0, 0, 1;
    %pushi/vec4 0, 0, 1;
    %store/vec4 v00000000024391c0_0, 0, 1;
T_29.2 ;
T_29.1 ;
    %jmp T_29;
    .thread T_29;
    .scope S_000000000243c920;
T_30 ;
    %wait E_0000000002408780;
    %load/vec4 v00000000024399e0_0;
    %flag_set/vec4 8;
    %jmp/0xz  T_30.0, 8;
    %pushi/vec4 0, 0, 4;
    %store/vec4 v000000000243ab60_0, 0, 4;
    %pushi/vec4 0, 0, 1;
    %store/vec4 v000000000243a520_0, 0, 1;
    %jmp T_30.1;
T_30.0 ;
    %load/vec4 v000000000243ab60_0;
    %addi 1, 0, 4;
    %store/vec4 v000000000243ab60_0, 0, 4;
    %load/vec4 v000000000243ab60_0;
    %pad/u 32;
    %cmpi/e 10, 0, 32;
    %jmp/0xz  T_30.2, 4;
    %pushi/vec4 0, 0, 4;
    %store/vec4 v000000000243ab60_0, 0, 4;
    %pushi/vec4 1, 0, 1;
    %store/vec4 v000000000243a520_0, 0, 1;
    %pushi/vec4 0, 0, 1;
    %store/vec4 v000000000243a520_0, 0, 1;
T_30.2 ;
T_30.1 ;
    %jmp T_30;
    .thread T_30;
    .scope S_000000000243b2a0;
T_31 ;
    %wait E_0000000002408880;
    %load/vec4 v0000000002439a80_0;
    %flag_set/vec4 8;
    %jmp/0xz  T_31.0, 8;
    %pushi/vec4 0, 0, 4;
    %store/vec4 v00000000024393a0_0, 0, 4;
    %pushi/vec4 0, 0, 1;
    %store/vec4 v000000000243a5c0_0, 0, 1;
    %jmp T_31.1;
T_31.0 ;
    %load/vec4 v00000000024393a0_0;
    %addi 1, 0, 4;
    %store/vec4 v00000000024393a0_0, 0, 4;
    %load/vec4 v00000000024393a0_0;
    %pad/u 32;
    %cmpi/e 10, 0, 32;
    %jmp/0xz  T_31.2, 4;
    %pushi/vec4 0, 0, 4;
    %store/vec4 v00000000024393a0_0, 0, 4;
    %pushi/vec4 1, 0, 1;
    %store/vec4 v000000000243a5c0_0, 0, 1;
    %pushi/vec4 0, 0, 1;
    %store/vec4 v000000000243a5c0_0, 0, 1;
T_31.2 ;
T_31.1 ;
    %jmp T_31;
    .thread T_31;
    .scope S_000000000243ba20;
T_32 ;
    %wait E_0000000002408400;
    %load/vec4 v000000000243ade0_0;
    %flag_set/vec4 8;
    %jmp/0xz  T_32.0, 8;
    %pushi/vec4 0, 0, 4;
    %store/vec4 v0000000002439d00_0, 0, 4;
    %pushi/vec4 0, 0, 1;
    %store/vec4 v0000000002439c60_0, 0, 1;
    %jmp T_32.1;
T_32.0 ;
    %load/vec4 v0000000002439d00_0;
    %addi 1, 0, 4;
    %store/vec4 v0000000002439d00_0, 0, 4;
    %load/vec4 v0000000002439d00_0;
    %pad/u 32;
    %cmpi/e 10, 0, 32;
    %jmp/0xz  T_32.2, 4;
    %pushi/vec4 0, 0, 4;
    %store/vec4 v0000000002439d00_0, 0, 4;
    %pushi/vec4 1, 0, 1;
    %store/vec4 v0000000002439c60_0, 0, 1;
    %pushi/vec4 0, 0, 1;
    %store/vec4 v0000000002439c60_0, 0, 1;
T_32.2 ;
T_32.1 ;
    %jmp T_32;
    .thread T_32;
    .scope S_000000000243b720;
T_33 ;
    %wait E_0000000002408cc0;
    %load/vec4 v0000000002439e40_0;
    %flag_set/vec4 8;
    %jmp/0xz  T_33.0, 8;
    %pushi/vec4 0, 0, 4;
    %store/vec4 v000000000247c800_0, 0, 4;
    %pushi/vec4 0, 0, 1;
    %store/vec4 v000000000243ae80_0, 0, 1;
    %jmp T_33.1;
T_33.0 ;
    %load/vec4 v000000000247c800_0;
    %addi 1, 0, 4;
    %store/vec4 v000000000247c800_0, 0, 4;
    %load/vec4 v000000000247c800_0;
    %pad/u 32;
    %cmpi/e 10, 0, 32;
    %jmp/0xz  T_33.2, 4;
    %pushi/vec4 0, 0, 4;
    %store/vec4 v000000000247c800_0, 0, 4;
    %pushi/vec4 1, 0, 1;
    %store/vec4 v000000000243ae80_0, 0, 1;
    %pushi/vec4 0, 0, 1;
    %store/vec4 v000000000243ae80_0, 0, 1;
T_33.2 ;
T_33.1 ;
    %jmp T_33;
    .thread T_33;
    .scope S_00000000009be560;
T_34 ;
    %vpi_call 2 71 "$dumpfile", "urnaEletronica.vcd" {0 0 0};
    %vpi_call 2 72 "$dumpvars", 32'sb00000000000000000000000000000000, S_00000000009be560 {0 0 0};
    %vpi_call 2 74 "$display", "\012########################################################################################################" {0 0 0};
    %vpi_call 2 75 "$display", "#                                Bem-vindo a Urna Eletronica em Verilog!                               #" {0 0 0};
    %vpi_call 2 76 "$display", "########################################################################################################\012" {0 0 0};
    %pushi/vec4 0, 0, 1;
    %store/vec4 v00000000024821a0_0, 0, 1;
    %pushi/vec4 0, 0, 1;
    %store/vec4 v0000000002480870_0, 0, 1;
    %pushi/vec4 0, 0, 1;
    %store/vec4 v00000000024833c0_0, 0, 1;
    %pushi/vec4 0, 0, 4;
    %store/vec4 v0000000002480910_0, 0, 4;
    %pushi/vec4 0, 0, 1;
    %store/vec4 v0000000002483500_0, 0, 1;
    %pushi/vec4 0, 0, 1;
    %store/vec4 v00000000024814f0_0, 0, 1;
    %delay 20, 0;
    %pushi/vec4 1, 0, 1;
    %store/vec4 v0000000002483500_0, 0, 1;
    %pushi/vec4 1, 0, 1;
    %store/vec4 v00000000024821a0_0, 0, 1;
    %delay 20, 0;
    %pushi/vec4 1, 0, 1;
    %store/vec4 v00000000024833c0_0, 0, 1;
    %delay 20, 0;
    %pushi/vec4 0, 0, 1;
    %store/vec4 v00000000024833c0_0, 0, 1;
    %delay 20, 0;
    %pushi/vec4 0, 0, 1;
    %store/vec4 v0000000002483500_0, 0, 1;
    %pushi/vec4 0, 0, 1;
    %store/vec4 v00000000024821a0_0, 0, 1;
    %delay 20, 0;
    %vpi_call 2 81 "$monitor", "Alteracao nos votos detectada:\012Arthur:  %d%d%d%d%d%d\012Leandro: %d%d%d%d%d%d\012Mateus:  %d%d%d%d%d%d\012Pablo:   %d%d%d%d%d%d\012Nulo:    %d%d%d%d%d%d\012", v000000000247b7c0_0, v000000000247b400_0, v000000000247cda0_0, v000000000247ca80_0, v000000000247b9a0_0, v000000000247b680_0, v000000000247b0e0_0, v000000000247bcc0_0, v000000000247bb80_0, v000000000247b040_0, v000000000247ce40_0, v000000000247c4e0_0, v000000000247b860_0, v000000000247b720_0, v000000000247b5e0_0, v000000000247b540_0, v000000000247b220_0, v000000000247b180_0, v0000000002480af0_0, v0000000002481590_0, v0000000002480410_0, v0000000002481090_0, v00000000024818b0_0, v000000000247bc20_0, v0000000002480190_0, v0000000002481630_0, v0000000002480690_0, v000000000247fd30_0, v00000000024813b0_0, v00000000024811d0_0 {0 0 0};
    %pushi/vec4 3, 0, 4;
    %store/vec4 v0000000002480910_0, 0, 4;
    %delay 20, 0;
    %pushi/vec4 1, 0, 1;
    %store/vec4 v00000000024833c0_0, 0, 1;
    %delay 20, 0;
    %pushi/vec4 0, 0, 1;
    %store/vec4 v00000000024833c0_0, 0, 1;
    %delay 20, 0;
    %pushi/vec4 5, 0, 4;
    %store/vec4 v0000000002480910_0, 0, 4;
    %delay 20, 0;
    %pushi/vec4 1, 0, 1;
    %store/vec4 v00000000024833c0_0, 0, 1;
    %delay 20, 0;
    %pushi/vec4 0, 0, 1;
    %store/vec4 v00000000024833c0_0, 0, 1;
    %delay 20, 0;
    %pushi/vec4 0, 0, 4;
    %store/vec4 v0000000002480910_0, 0, 4;
    %delay 20, 0;
    %pushi/vec4 1, 0, 1;
    %store/vec4 v00000000024833c0_0, 0, 1;
    %delay 20, 0;
    %pushi/vec4 0, 0, 1;
    %store/vec4 v00000000024833c0_0, 0, 1;
    %delay 20, 0;
    %pushi/vec4 3, 0, 4;
    %store/vec4 v0000000002480910_0, 0, 4;
    %delay 20, 0;
    %pushi/vec4 1, 0, 1;
    %store/vec4 v00000000024833c0_0, 0, 1;
    %delay 20, 0;
    %pushi/vec4 0, 0, 1;
    %store/vec4 v00000000024833c0_0, 0, 1;
    %delay 20, 0;
    %pushi/vec4 1, 0, 1;
    %store/vec4 v0000000002480870_0, 0, 1;
    %delay 20, 0;
    %pushi/vec4 1, 0, 1;
    %store/vec4 v00000000024833c0_0, 0, 1;
    %delay 20, 0;
    %pushi/vec4 0, 0, 1;
    %store/vec4 v00000000024833c0_0, 0, 1;
    %delay 20, 0;
    %pushi/vec4 3, 0, 4;
    %store/vec4 v0000000002480910_0, 0, 4;
    %delay 20, 0;
    %pushi/vec4 1, 0, 1;
    %store/vec4 v00000000024833c0_0, 0, 1;
    %delay 20, 0;
    %pushi/vec4 0, 0, 1;
    %store/vec4 v00000000024833c0_0, 0, 1;
    %delay 20, 0;
    %pushi/vec4 5, 0, 4;
    %store/vec4 v0000000002480910_0, 0, 4;
    %delay 20, 0;
    %pushi/vec4 1, 0, 1;
    %store/vec4 v00000000024833c0_0, 0, 1;
    %delay 20, 0;
    %pushi/vec4 0, 0, 1;
    %store/vec4 v00000000024833c0_0, 0, 1;
    %delay 20, 0;
    %pushi/vec4 1, 0, 4;
    %store/vec4 v0000000002480910_0, 0, 4;
    %delay 20, 0;
    %pushi/vec4 1, 0, 1;
    %store/vec4 v00000000024833c0_0, 0, 1;
    %delay 20, 0;
    %pushi/vec4 0, 0, 1;
    %store/vec4 v00000000024833c0_0, 0, 1;
    %delay 20, 0;
    %pushi/vec4 3, 0, 4;
    %store/vec4 v0000000002480910_0, 0, 4;
    %delay 20, 0;
    %pushi/vec4 1, 0, 1;
    %store/vec4 v00000000024833c0_0, 0, 1;
    %delay 20, 0;
    %pushi/vec4 0, 0, 1;
    %store/vec4 v00000000024833c0_0, 0, 1;
    %delay 20, 0;
    %pushi/vec4 1, 0, 1;
    %store/vec4 v0000000002480870_0, 0, 1;
    %delay 20, 0;
    %pushi/vec4 1, 0, 1;
    %store/vec4 v00000000024833c0_0, 0, 1;
    %delay 20, 0;
    %pushi/vec4 0, 0, 1;
    %store/vec4 v00000000024833c0_0, 0, 1;
    %delay 20, 0;
    %pushi/vec4 3, 0, 4;
    %store/vec4 v0000000002480910_0, 0, 4;
    %delay 20, 0;
    %pushi/vec4 1, 0, 1;
    %store/vec4 v00000000024833c0_0, 0, 1;
    %delay 20, 0;
    %pushi/vec4 0, 0, 1;
    %store/vec4 v00000000024833c0_0, 0, 1;
    %delay 20, 0;
    %pushi/vec4 4, 0, 4;
    %store/vec4 v0000000002480910_0, 0, 4;
    %delay 20, 0;
    %pushi/vec4 1, 0, 1;
    %store/vec4 v00000000024833c0_0, 0, 1;
    %delay 20, 0;
    %pushi/vec4 0, 0, 1;
    %store/vec4 v00000000024833c0_0, 0, 1;
    %delay 20, 0;
    %pushi/vec4 8, 0, 4;
    %store/vec4 v0000000002480910_0, 0, 4;
    %delay 20, 0;
    %pushi/vec4 1, 0, 1;
    %store/vec4 v00000000024833c0_0, 0, 1;
    %delay 20, 0;
    %pushi/vec4 0, 0, 1;
    %store/vec4 v00000000024833c0_0, 0, 1;
    %delay 20, 0;
    %pushi/vec4 9, 0, 4;
    %store/vec4 v0000000002480910_0, 0, 4;
    %delay 20, 0;
    %pushi/vec4 1, 0, 1;
    %store/vec4 v00000000024833c0_0, 0, 1;
    %delay 20, 0;
    %pushi/vec4 0, 0, 1;
    %store/vec4 v00000000024833c0_0, 0, 1;
    %delay 20, 0;
    %pushi/vec4 1, 0, 1;
    %store/vec4 v0000000002480870_0, 0, 1;
    %delay 20, 0;
    %pushi/vec4 1, 0, 1;
    %store/vec4 v00000000024833c0_0, 0, 1;
    %delay 20, 0;
    %pushi/vec4 0, 0, 1;
    %store/vec4 v00000000024833c0_0, 0, 1;
    %delay 20, 0;
    %pushi/vec4 3, 0, 4;
    %store/vec4 v0000000002480910_0, 0, 4;
    %delay 20, 0;
    %pushi/vec4 1, 0, 1;
    %store/vec4 v00000000024833c0_0, 0, 1;
    %delay 20, 0;
    %pushi/vec4 0, 0, 1;
    %store/vec4 v00000000024833c0_0, 0, 1;
    %delay 20, 0;
    %pushi/vec4 4, 0, 4;
    %store/vec4 v0000000002480910_0, 0, 4;
    %delay 20, 0;
    %pushi/vec4 1, 0, 1;
    %store/vec4 v00000000024833c0_0, 0, 1;
    %delay 20, 0;
    %pushi/vec4 0, 0, 1;
    %store/vec4 v00000000024833c0_0, 0, 1;
    %delay 20, 0;
    %pushi/vec4 8, 0, 4;
    %store/vec4 v0000000002480910_0, 0, 4;
    %delay 20, 0;
    %pushi/vec4 1, 0, 1;
    %store/vec4 v00000000024833c0_0, 0, 1;
    %delay 20, 0;
    %pushi/vec4 0, 0, 1;
    %store/vec4 v00000000024833c0_0, 0, 1;
    %delay 20, 0;
    %pushi/vec4 0, 0, 4;
    %store/vec4 v0000000002480910_0, 0, 4;
    %delay 20, 0;
    %pushi/vec4 1, 0, 1;
    %store/vec4 v00000000024833c0_0, 0, 1;
    %delay 20, 0;
    %pushi/vec4 0, 0, 1;
    %store/vec4 v00000000024833c0_0, 0, 1;
    %delay 20, 0;
    %pushi/vec4 1, 0, 1;
    %store/vec4 v0000000002480870_0, 0, 1;
    %delay 20, 0;
    %pushi/vec4 1, 0, 1;
    %store/vec4 v00000000024833c0_0, 0, 1;
    %delay 20, 0;
    %pushi/vec4 0, 0, 1;
    %store/vec4 v00000000024833c0_0, 0, 1;
    %delay 20, 0;
    %vpi_call 2 112 "$finish" {0 0 0};
    %end;
    .thread T_34;
# The file index is used to find the file name in the following table.
:file_names 6;
    "N/A";
    "<interactive>";
    "testbench.v";
    "./contadorbcd.v";
    "./clock1unit.v";
    "./urna.v";
